Cliente pede login
Cliente conectado
receiver_thread iniciada
receiver_thread:
Cliente recebeu o Board
Cliente atualizou o Board
VICTORY: 0, GAME_OVER: 0
Cliente recebeu o Board
Cliente atualizou o Board
VICTORY: 0, GAME_OVER: 0
Cliente recebeu o Board
Cliente atualizou o Board
VICTORY: 0, GAME_OVER: 0
Cliente recebeu o Board
Cliente atualizou o Board
VICTORY: 0, GAME_OVER: 0
Cliente recebeu o Board
Cliente atualizou o Board
VICTORY: 0, GAME_OVER: 0
Cliente recebeu o Board
Cliente atualizou o Board
VICTORY: 0, GAME_OVER: 0
Cliente recebeu o Board
Cliente atualizou o Board
VICTORY: 0, GAME_OVER: 0
Cliente recebeu o Board
Cliente atualizou o Board
VICTORY: 0, GAME_OVER: 0
Cliente recebeu o Board
Cliente atualizou o Board
VICTORY: 0, GAME_OVER: 0
Cliente recebeu o Board
Cliente atualizou o Board
VICTORY: 0, GAME_OVER: 0
Cliente recebeu o Board
Cliente atualizou o Board
VICTORY: 0, GAME_OVER: 0
Cliente recebeu o Board
Cliente atualizou o Board
VICTORY: 0, GAME_OVER: 0
Cliente recebeu o Board
Cliente atualizou o Board
VICTORY: 0, GAME_OVER: 0
Cliente recebeu o Board
Cliente atualizou o Board
VICTORY: 0, GAME_OVER: 0
Cliente recebeu o Board
Cliente atualizou o Board
VICTORY: 0, GAME_OVER: 0
Cliente recebeu o Board
Cliente atualizou o Board
VICTORY: 0, GAME_OVER: 0
Command: S
Cliente recebeu o Board
Cliente atualizou o Board
VICTORY: 0, GAME_OVER: 0
Cliente recebeu o Board
Cliente atualizou o Board
VICTORY: 0, GAME_OVER: 0
Command: D
Cliente recebeu o Board
Cliente atualizou o Board
VICTORY: 0, GAME_OVER: 0
Cliente recebeu o Board
Cliente atualizou o Board
VICTORY: 0, GAME_OVER: 0
Command: S
Cliente recebeu o Board
Cliente atualizou o Board
VICTORY: 0, GAME_OVER: 0
Command: S
Cliente recebeu o Board
Cliente atualizou o Board
VICTORY: 0, GAME_OVER: 0
Command: S
Cliente recebeu o Board
Cliente atualizou o Board
VICTORY: 0, GAME_OVER: 0
Cliente recebeu o Board
Cliente atualizou o Board
VICTORY: 0, GAME_OVER: 0
Command: S
Cliente recebeu o Board
Cliente atualizou o Board
VICTORY: 0, GAME_OVER: 1
O jogo acabou
Stop execution
Returning receiver thread...
Receiver thread terminada
