começou host thread
começou session thread
começou session thread
load_level:
DIM = 8 x 4
TEMPO = 200
MON file: /home/vitoria/tecnico/projeto2_SO/SO-2526-sol-parte1/levels/m1.m
Line: XXXXXXXX
Line: XXXXoo@X
Line: XooooooX
Line: XXXXXXXX
Ghost passo: 1
Ghost Pos = 5 x 1

nível 1.lvl carregado
começou ghost thread
Ghost thread 0: começou (antes do free arg)
Ghost thread 0: depois do free arg
Ghost thread 0: antes de wrlock state_lock
Ghost thread 0: obteve wrlock state_lock
Ghost thread 0: vai desbloquear state_lock no fim do while
Ghost thread 0: desbloqueou state_lock, volta ao while
Ghost thread 0: antes de wrlock state_lock
Ghost thread 0: obteve wrlock state_lock
Ghost thread 0: vai desbloquear state_lock no fim do while
Ghost thread 0: desbloqueou state_lock, volta ao while
Ghost thread 0: antes de wrlock state_lock
Ghost thread 0: obteve wrlock state_lock
Ghost thread 0: vai desbloquear state_lock no fim do while
Ghost thread 0: desbloqueou state_lock, volta ao while
Ghost thread 0: antes de wrlock state_lock
Ghost thread 0: obteve wrlock state_lock
Ghost thread 0: vai desbloquear state_lock no fim do while
Ghost thread 0: desbloqueou state_lock, volta ao while
Ghost thread 0: antes de wrlock state_lock
Ghost thread 0: obteve wrlock state_lock
Ghost thread 0: vai desbloquear state_lock no fim do while
Ghost thread 0: desbloqueou state_lock, volta ao while
Ghost thread 0: antes de wrlock state_lock
Ghost thread 0: obteve wrlock state_lock
Ghost thread 0: vai desbloquear state_lock no fim do while
Ghost thread 0: desbloqueou state_lock, volta ao while
Ghost thread 0: antes de wrlock state_lock
Ghost thread 0: obteve wrlock state_lock
Ghost thread 0: vai desbloquear state_lock no fim do while
Ghost thread 0: desbloqueou state_lock, volta ao while
Ghost thread 0: antes de wrlock state_lock
Ghost thread 0: obteve wrlock state_lock
Ghost thread 0: vai desbloquear state_lock no fim do while
Ghost thread 0: desbloqueou state_lock, volta ao while
Ghost thread 0: antes de wrlock state_lock
Ghost thread 0: obteve wrlock state_lock
Ghost thread 0: vai desbloquear state_lock no fim do while
Ghost thread 0: desbloqueou state_lock, volta ao while
Comando do pacman: D
result do move pacman --> 0
Ghost thread 0: antes de wrlock state_lock
Ghost thread 0: obteve wrlock state_lock
Ghost thread 0: vai desbloquear state_lock no fim do while
Ghost thread 0: desbloqueou state_lock, volta ao while
Ghost thread 0: antes de wrlock state_lock
Ghost thread 0: obteve wrlock state_lock
Ghost thread 0: vai desbloquear state_lock no fim do while
Ghost thread 0: desbloqueou state_lock, volta ao while
Comando do pacman: D
result do move pacman --> 1
NEXT_LEVEL
Pacman thread terminada
Ghost thread 0: game_over detetado -> acaba a ghost thread
load_level:
DIM = 10 x 8
TEMPO = 200
MON file: /home/vitoria/tecnico/projeto2_SO/SO-2526-sol-parte1/levels/m3.m
MON file: /home/vitoria/tecnico/projeto2_SO/SO-2526-sol-parte1/levels/m2.m
MON file: /home/vitoria/tecnico/projeto2_SO/SO-2526-sol-parte1/levels/m1.m
Line: XXXXXXXXXX
Line: XXXXooo@XX
Line: XoooooooXX
Line: XooooooXXX
Line: XooooooooX
Line: XooooooooX
Line: XooooooooX
Line: XXXXXXXXXX
Ghost passo: 1
Ghost Pos = 4 x 4
Ghost passo: 1
Ghost Pos = 2 x 4
Ghost passo: 1
Ghost Pos = 5 x 1

começou ghost thread
Ghost thread 0: começou (antes do free arg)
Ghost thread 0: depois do free arg
começou ghost thread
Ghost thread 1: começou (antes do free arg)
começou ghost thread
Ghost thread 2: começou (antes do free arg)
Ghost thread 2: depois do free arg
Ghost thread 1: depois do free arg
Ghost thread 0: antes de wrlock state_lock
Ghost thread 0: obteve wrlock state_lock
Ghost thread 0: vai desbloquear state_lock no fim do while
Ghost thread 0: desbloqueou state_lock, volta ao while
Ghost thread 2: antes de wrlock state_lock
Ghost thread 2: obteve wrlock state_lock
Ghost thread 2: vai desbloquear state_lock no fim do while
Ghost thread 2: desbloqueou state_lock, volta ao while
Ghost thread 1: antes de wrlock state_lock
Ghost thread 1: obteve wrlock state_lock
Ghost thread 1: vai desbloquear state_lock no fim do while
Ghost thread 1: desbloqueou state_lock, volta ao while
Ghost thread 0: antes de wrlock state_lock
Ghost thread 0: obteve wrlock state_lock
Ghost thread 0: vai desbloquear state_lock no fim do while
Ghost thread 0: desbloqueou state_lock, volta ao while
Ghost thread 2: antes de wrlock state_lock
Ghost thread 2: obteve wrlock state_lock
Ghost thread 2: vai desbloquear state_lock no fim do while
Ghost thread 2: desbloqueou state_lock, volta ao while
Ghost thread 1: antes de wrlock state_lock
Ghost thread 1: obteve wrlock state_lock
Ghost thread 1: vai desbloquear state_lock no fim do while
Ghost thread 1: desbloqueou state_lock, volta ao while
Ghost thread 0: antes de wrlock state_lock
Ghost thread 0: obteve wrlock state_lock
Ghost thread 0: vai desbloquear state_lock no fim do while
Ghost thread 0: desbloqueou state_lock, volta ao while
Ghost thread 2: antes de wrlock state_lock
Ghost thread 2: obteve wrlock state_lock
Ghost thread 2: vai desbloquear state_lock no fim do while
Ghost thread 2: desbloqueou state_lock, volta ao while
Ghost thread 1: antes de wrlock state_lock
Ghost thread 1: obteve wrlock state_lock
Ghost thread 1: vai desbloquear state_lock no fim do while
Ghost thread 1: desbloqueou state_lock, volta ao while
Ghost thread 0: antes de wrlock state_lock
Ghost thread 0: obteve wrlock state_lock
Ghost thread 0: vai desbloquear state_lock no fim do while
Ghost thread 0: desbloqueou state_lock, volta ao while
Ghost thread 2: antes de wrlock state_lock
Ghost thread 2: obteve wrlock state_lock
Ghost thread 2: vai desbloquear state_lock no fim do while
Ghost thread 2: desbloqueou state_lock, volta ao while
Ghost thread 1: antes de wrlock state_lock
Ghost thread 1: obteve wrlock state_lock
Ghost thread 1: vai desbloquear state_lock no fim do while
Ghost thread 1: desbloqueou state_lock, volta ao while
Ghost thread 0: antes de wrlock state_lock
Ghost thread 0: obteve wrlock state_lock
Ghost thread 0: vai desbloquear state_lock no fim do while
Ghost thread 0: desbloqueou state_lock, volta ao while
Ghost thread 2: antes de wrlock state_lock
Ghost thread 2: obteve wrlock state_lock
Ghost thread 2: vai desbloquear state_lock no fim do while
Ghost thread 2: desbloqueou state_lock, volta ao while
Ghost thread 1: antes de wrlock state_lock
Ghost thread 1: obteve wrlock state_lock
Ghost thread 1: vai desbloquear state_lock no fim do while
Ghost thread 1: desbloqueou state_lock, volta ao while
Ghost thread 0: antes de wrlock state_lock
Ghost thread 0: obteve wrlock state_lock
Ghost thread 0: vai desbloquear state_lock no fim do while
Ghost thread 0: desbloqueou state_lock, volta ao while
Ghost thread 2: antes de wrlock state_lock
Ghost thread 1: antes de wrlock state_lock
Ghost thread 2: obteve wrlock state_lock
Ghost thread 2: vai desbloquear state_lock no fim do while
Ghost thread 2: desbloqueou state_lock, volta ao while
Ghost thread 1: obteve wrlock state_lock
Ghost thread 1: vai desbloquear state_lock no fim do while
Ghost thread 1: desbloqueou state_lock, volta ao while
Comando do pacman: D
result do move pacman --> 0
Ghost thread 0: antes de wrlock state_lock
Ghost thread 0: obteve wrlock state_lock
Ghost thread 0: vai desbloquear state_lock no fim do while
Ghost thread 0: desbloqueou state_lock, volta ao while
Ghost thread 1: antes de wrlock state_lock
Ghost thread 1: obteve wrlock state_lock
Ghost thread 1: vai desbloquear state_lock no fim do while
Ghost thread 1: desbloqueou state_lock, volta ao while
Ghost thread 2: antes de wrlock state_lock
Ghost thread 2: obteve wrlock state_lock
Ghost thread 2: vai desbloquear state_lock no fim do while
Ghost thread 2: desbloqueou state_lock, volta ao while
Comando do pacman: D
result do move pacman --> 0
Ghost thread 0: antes de wrlock state_lock
Ghost thread 0: obteve wrlock state_lock
Ghost thread 0: vai desbloquear state_lock no fim do while
Ghost thread 0: desbloqueou state_lock, volta ao while
Ghost thread 1: antes de wrlock state_lock
Ghost thread 1: obteve wrlock state_lock
Ghost thread 1: vai desbloquear state_lock no fim do while
Ghost thread 1: desbloqueou state_lock, volta ao while
Ghost thread 2: antes de wrlock state_lock
Ghost thread 2: obteve wrlock state_lock
Ghost thread 2: vai desbloquear state_lock no fim do while
Ghost thread 2: desbloqueou state_lock, volta ao while
Ghost thread 0: antes de wrlock state_lock
Ghost thread 0: obteve wrlock state_lock
Ghost thread 0: vai desbloquear state_lock no fim do while
Ghost thread 0: desbloqueou state_lock, volta ao while
Ghost thread 1: antes de wrlock state_lock
Ghost thread 1: obteve wrlock state_lock
Ghost thread 1: vai desbloquear state_lock no fim do while
Ghost thread 1: desbloqueou state_lock, volta ao while
Ghost thread 2: antes de wrlock state_lock
Ghost thread 2: obteve wrlock state_lock
Ghost thread 2: vai desbloquear state_lock no fim do while
Ghost thread 2: desbloqueou state_lock, volta ao while
Comando do pacman: D
result do move pacman --> 1
NEXT_LEVEL
Pacman thread terminada
Ghost thread 0: game_over detetado -> acaba a ghost thread
Ghost thread 1: game_over detetado -> acaba a ghost thread
Ghost thread 2: game_over detetado -> acaba a ghost thread
Último nível completo, game_over setado
O jogo terminou completamente
Cliente 1: vai fazer unload do último nível
Cliente 1: unload do último nível feito
Cliente 1: vai fechar pipes
Cliente 1: vai destruir victory_lock
Cliente 1: vai desativar cliente no array
Cliente 1: vai fazer free da session
session_thread completamente terminada
load_level:
DIM = 8 x 4
TEMPO = 200
MON file: /home/vitoria/tecnico/projeto2_SO/SO-2526-sol-parte1/levels/m1.m
Line: XXXXXXXX
Line: XXXXoo@X
Line: XooooooX
Line: XXXXXXXX
Ghost passo: 1
Ghost Pos = 5 x 1

nível 1.lvl carregado
começou ghost thread
Ghost thread 0: começou (antes do free arg)
Ghost thread 0: depois do free arg
Ghost thread 0: antes de wrlock state_lock
Ghost thread 0: obteve wrlock state_lock
Ghost thread 0: vai desbloquear state_lock no fim do while
Ghost thread 0: desbloqueou state_lock, volta ao while
Ghost thread 0: antes de wrlock state_lock
Ghost thread 0: obteve wrlock state_lock
Ghost thread 0: vai desbloquear state_lock no fim do while
Ghost thread 0: desbloqueou state_lock, volta ao while
Ghost thread 0: antes de wrlock state_lock
Ghost thread 0: obteve wrlock state_lock
Ghost thread 0: vai desbloquear state_lock no fim do while
Ghost thread 0: desbloqueou state_lock, volta ao while
Ghost thread 0: antes de wrlock state_lock
Ghost thread 0: obteve wrlock state_lock
Ghost thread 0: vai desbloquear state_lock no fim do while
Ghost thread 0: desbloqueou state_lock, volta ao while
Ghost thread 0: antes de wrlock state_lock
Ghost thread 0: obteve wrlock state_lock
Ghost thread 0: vai desbloquear state_lock no fim do while
Ghost thread 0: desbloqueou state_lock, volta ao while
Ghost thread 0: antes de wrlock state_lock
Ghost thread 0: obteve wrlock state_lock
Ghost thread 0: vai desbloquear state_lock no fim do while
Ghost thread 0: desbloqueou state_lock, volta ao while
Ghost thread 0: antes de wrlock state_lock
Ghost thread 0: obteve wrlock state_lock
Ghost thread 0: vai desbloquear state_lock no fim do while
Ghost thread 0: desbloqueou state_lock, volta ao while
Ghost thread 0: antes de wrlock state_lock
Ghost thread 0: obteve wrlock state_lock
Ghost thread 0: vai desbloquear state_lock no fim do while
Ghost thread 0: desbloqueou state_lock, volta ao while
Ghost thread 0: antes de wrlock state_lock
Ghost thread 0: obteve wrlock state_lock
Ghost thread 0: vai desbloquear state_lock no fim do while
Ghost thread 0: desbloqueou state_lock, volta ao while
Ghost thread 0: antes de wrlock state_lock
Ghost thread 0: obteve wrlock state_lock
Ghost thread 0: vai desbloquear state_lock no fim do while
Ghost thread 0: desbloqueou state_lock, volta ao while
Ghost thread 0: antes de wrlock state_lock
Ghost thread 0: obteve wrlock state_lock
Ghost thread 0: vai desbloquear state_lock no fim do while
Ghost thread 0: desbloqueou state_lock, volta ao while
Comando do pacman: D
result do move pacman --> 0
Ghost thread 0: antes de wrlock state_lock
Ghost thread 0: obteve wrlock state_lock
Ghost thread 0: vai desbloquear state_lock no fim do while
Ghost thread 0: desbloqueou state_lock, volta ao while
Ghost thread 0: antes de wrlock state_lock
Ghost thread 0: obteve wrlock state_lock
Ghost thread 0: vai desbloquear state_lock no fim do while
Ghost thread 0: desbloqueou state_lock, volta ao while
Ghost thread 0: antes de wrlock state_lock
Ghost thread 0: obteve wrlock state_lock
Ghost thread 0: vai desbloquear state_lock no fim do while
Ghost thread 0: desbloqueou state_lock, volta ao while
Comando do pacman: D
result do move pacman --> 1
NEXT_LEVEL
Pacman thread terminada
Ghost thread 0: game_over detetado -> acaba a ghost thread
load_level:
DIM = 10 x 8
TEMPO = 200
MON file: /home/vitoria/tecnico/projeto2_SO/SO-2526-sol-parte1/levels/m3.m
MON file: /home/vitoria/tecnico/projeto2_SO/SO-2526-sol-parte1/levels/m2.m
MON file: /home/vitoria/tecnico/projeto2_SO/SO-2526-sol-parte1/levels/m1.m
Line: XXXXXXXXXX
Line: XXXXooo@XX
Line: XoooooooXX
Line: XooooooXXX
Line: XooooooooX
Line: XooooooooX
Line: XooooooooX
Line: XXXXXXXXXX
Ghost passo: 1
Ghost Pos = 4 x 4
Ghost passo: 1
Ghost Pos = 2 x 4
Ghost passo: 1
Ghost Pos = 5 x 1

começou ghost thread
Ghost thread 0: começou (antes do free arg)
Ghost thread 0: depois do free arg
começou ghost thread
Ghost thread 1: começou (antes do free arg)
começou ghost thread
Ghost thread 1: depois do free arg
Ghost thread 2: começou (antes do free arg)
Ghost thread 2: depois do free arg
Ghost thread 2: antes de wrlock state_lock
Ghost thread 0: antes de wrlock state_lock
Ghost thread 1: antes de wrlock state_lock
Ghost thread 2: obteve wrlock state_lock
Ghost thread 2: vai desbloquear state_lock no fim do while
Ghost thread 2: desbloqueou state_lock, volta ao while
Ghost thread 0: obteve wrlock state_lock
Ghost thread 0: vai desbloquear state_lock no fim do while
Ghost thread 0: desbloqueou state_lock, volta ao while
Ghost thread 1: obteve wrlock state_lock
Ghost thread 1: vai desbloquear state_lock no fim do while
Ghost thread 1: desbloqueou state_lock, volta ao while
Ghost thread 2: antes de wrlock state_lock
Ghost thread 2: obteve wrlock state_lock
Ghost thread 2: vai desbloquear state_lock no fim do while
Ghost thread 2: desbloqueou state_lock, volta ao while
Ghost thread 1: antes de wrlock state_lock
Ghost thread 1: obteve wrlock state_lock
Ghost thread 1: vai desbloquear state_lock no fim do while
Ghost thread 1: desbloqueou state_lock, volta ao while
Ghost thread 0: antes de wrlock state_lock
Ghost thread 0: obteve wrlock state_lock
Ghost thread 0: vai desbloquear state_lock no fim do while
Ghost thread 0: desbloqueou state_lock, volta ao while
Ghost thread 2: antes de wrlock state_lock
Ghost thread 2: obteve wrlock state_lock
Ghost thread 2: vai desbloquear state_lock no fim do while
Ghost thread 2: desbloqueou state_lock, volta ao while
Ghost thread 1: antes de wrlock state_lock
Ghost thread 1: obteve wrlock state_lock
Ghost thread 1: vai desbloquear state_lock no fim do while
Ghost thread 1: desbloqueou state_lock, volta ao while
Ghost thread 0: antes de wrlock state_lock
Ghost thread 0: obteve wrlock state_lock
Ghost thread 0: vai desbloquear state_lock no fim do while
Ghost thread 0: desbloqueou state_lock, volta ao while
Ghost thread 2: antes de wrlock state_lock
Ghost thread 2: obteve wrlock state_lock
Ghost thread 2: vai desbloquear state_lock no fim do while
Ghost thread 2: desbloqueou state_lock, volta ao while
Ghost thread 1: antes de wrlock state_lock
Ghost thread 1: obteve wrlock state_lock
Ghost thread 1: vai desbloquear state_lock no fim do while
Ghost thread 1: desbloqueou state_lock, volta ao while
Ghost thread 0: antes de wrlock state_lock
Ghost thread 0: obteve wrlock state_lock
Ghost thread 0: vai desbloquear state_lock no fim do while
Ghost thread 0: desbloqueou state_lock, volta ao while
Ghost thread 2: antes de wrlock state_lock
Ghost thread 2: obteve wrlock state_lock
Ghost thread 2: vai desbloquear state_lock no fim do while
Ghost thread 2: desbloqueou state_lock, volta ao while
Ghost thread 1: antes de wrlock state_lock
Ghost thread 1: obteve wrlock state_lock
Ghost thread 1: vai desbloquear state_lock no fim do while
Ghost thread 1: desbloqueou state_lock, volta ao while
Ghost thread 0: antes de wrlock state_lock
Ghost thread 0: obteve wrlock state_lock
Ghost thread 0: vai desbloquear state_lock no fim do while
Ghost thread 0: desbloqueou state_lock, volta ao while
Comando do pacman: D
result do move pacman --> 0
Ghost thread 2: antes de wrlock state_lock
Ghost thread 2: obteve wrlock state_lock
Ghost thread 2: vai desbloquear state_lock no fim do while
Ghost thread 2: desbloqueou state_lock, volta ao while
Ghost thread 1: antes de wrlock state_lock
Ghost thread 1: obteve wrlock state_lock
Ghost thread 1: vai desbloquear state_lock no fim do while
Ghost thread 1: desbloqueou state_lock, volta ao while
Ghost thread 0: antes de wrlock state_lock
Ghost thread 0: obteve wrlock state_lock
Ghost thread 0: vai desbloquear state_lock no fim do while
Ghost thread 0: desbloqueou state_lock, volta ao while
Ghost thread 1: antes de wrlock state_lock
Ghost thread 2: antes de wrlock state_lock
Ghost thread 2: obteve wrlock state_lock
Ghost thread 2: vai desbloquear state_lock no fim do while
Ghost thread 2: desbloqueou state_lock, volta ao while
Ghost thread 1: obteve wrlock state_lock
Ghost thread 1: vai desbloquear state_lock no fim do while
Ghost thread 1: desbloqueou state_lock, volta ao while
Ghost thread 0: antes de wrlock state_lock
Ghost thread 0: obteve wrlock state_lock
Ghost thread 0: vai desbloquear state_lock no fim do while
Ghost thread 0: desbloqueou state_lock, volta ao while
Comando do pacman: S
result do move pacman --> 0
Ghost thread 2: antes de wrlock state_lock
Ghost thread 2: obteve wrlock state_lock
Ghost thread 2: vai desbloquear state_lock no fim do while
Ghost thread 2: desbloqueou state_lock, volta ao while
Ghost thread 1: antes de wrlock state_lock
Ghost thread 1: obteve wrlock state_lock
Ghost thread 1: vai desbloquear state_lock no fim do while
Ghost thread 1: desbloqueou state_lock, volta ao while
Ghost thread 0: antes de wrlock state_lock
Ghost thread 0: obteve wrlock state_lock
Ghost thread 0: vai desbloquear state_lock no fim do while
Ghost thread 0: desbloqueou state_lock, volta ao while
Ghost thread 2: antes de wrlock state_lock
Ghost thread 2: obteve wrlock state_lock
Ghost thread 2: vai desbloquear state_lock no fim do while
Ghost thread 2: desbloqueou state_lock, volta ao while
Ghost thread 1: antes de wrlock state_lock
Ghost thread 1: obteve wrlock state_lock
Ghost thread 1: vai desbloquear state_lock no fim do while
Ghost thread 1: desbloqueou state_lock, volta ao while
Ghost thread 0: antes de wrlock state_lock
Ghost thread 0: obteve wrlock state_lock
Ghost thread 0: vai desbloquear state_lock no fim do while
Ghost thread 0: desbloqueou state_lock, volta ao while
Comando do pacman: D
result do move pacman --> 0
Ghost thread 2: antes de wrlock state_lock
Ghost thread 2: obteve wrlock state_lock
Ghost thread 2: vai desbloquear state_lock no fim do while
Ghost thread 2: desbloqueou state_lock, volta ao while
Ghost thread 1: antes de wrlock state_lock
Ghost thread 1: obteve wrlock state_lock
Ghost thread 1: vai desbloquear state_lock no fim do while
Ghost thread 1: desbloqueou state_lock, volta ao while
Ghost thread 0: antes de wrlock state_lock
Ghost thread 0: obteve wrlock state_lock
Ghost thread 0: vai desbloquear state_lock no fim do while
Ghost thread 0: desbloqueou state_lock, volta ao while
Ghost thread 2: antes de wrlock state_lock
Ghost thread 2: obteve wrlock state_lock
Ghost thread 2: vai desbloquear state_lock no fim do while
Ghost thread 1: antes de wrlock state_lock
Ghost thread 2: desbloqueou state_lock, volta ao while
Ghost thread 1: obteve wrlock state_lock
Ghost thread 1: vai desbloquear state_lock no fim do while
Ghost thread 1: desbloqueou state_lock, volta ao while
Ghost thread 0: antes de wrlock state_lock
Ghost thread 0: obteve wrlock state_lock
Ghost thread 0: vai desbloquear state_lock no fim do while
Ghost thread 0: desbloqueou state_lock, volta ao while
Ghost thread 1: antes de wrlock state_lock
Ghost thread 0: antes de wrlock state_lock
Ghost thread 1: obteve wrlock state_lock
Ghost thread 1: vai desbloquear state_lock no fim do while
Ghost thread 1: desbloqueou state_lock, volta ao while
Ghost thread 0: obteve wrlock state_lock
Ghost thread 0: vai desbloquear state_lock no fim do while
Ghost thread 0: desbloqueou state_lock, volta ao while
Ghost thread 2: antes de wrlock state_lock
Ghost thread 2: obteve wrlock state_lock
Ghost thread 2: vai desbloquear state_lock no fim do while
Ghost thread 2: desbloqueou state_lock, volta ao while
Comando do pacman: S
result do move pacman --> 0
Ghost thread 1: antes de wrlock state_lock
Ghost thread 1: obteve wrlock state_lock
Ghost thread 1: vai desbloquear state_lock no fim do while
Ghost thread 1: desbloqueou state_lock, volta ao while
Ghost thread 0: antes de wrlock state_lock
Ghost thread 0: obteve wrlock state_lock
Ghost thread 0: vai desbloquear state_lock no fim do while
Ghost thread 0: desbloqueou state_lock, volta ao while
Ghost thread 2: antes de wrlock state_lock
Ghost thread 2: obteve wrlock state_lock
Ghost thread 2: vai desbloquear state_lock no fim do while
Ghost thread 2: desbloqueou state_lock, volta ao while
Ghost thread 0: antes de wrlock state_lock
Ghost thread 0: obteve wrlock state_lock
Ghost thread 0: vai desbloquear state_lock no fim do while
Ghost thread 0: desbloqueou state_lock, volta ao while
Ghost thread 1: antes de wrlock state_lock
Ghost thread 1: obteve wrlock state_lock
Ghost thread 1: vai desbloquear state_lock no fim do while
Ghost thread 1: desbloqueou state_lock, volta ao while
Ghost thread 2: antes de wrlock state_lock
Ghost thread 2: obteve wrlock state_lock
Ghost thread 2: vai desbloquear state_lock no fim do while
Ghost thread 2: desbloqueou state_lock, volta ao while
Ghost thread 0: antes de wrlock state_lock
Ghost thread 0: obteve wrlock state_lock
Ghost thread 0: vai desbloquear state_lock no fim do while
Ghost thread 0: desbloqueou state_lock, volta ao while
Ghost thread 1: antes de wrlock state_lock
Ghost thread 1: obteve wrlock state_lock
Ghost thread 1: vai desbloquear state_lock no fim do while
Ghost thread 1: desbloqueou state_lock, volta ao while
Ghost thread 2: antes de wrlock state_lock
Ghost thread 2: obteve wrlock state_lock
Ghost thread 2: vai desbloquear state_lock no fim do while
Ghost thread 2: desbloqueou state_lock, volta ao while
Ghost thread 0: antes de wrlock state_lock
Ghost thread 0: obteve wrlock state_lock
Ghost thread 0: vai desbloquear state_lock no fim do while
Ghost thread 0: desbloqueou state_lock, volta ao while
Ghost thread 1: antes de wrlock state_lock
Ghost thread 1: obteve wrlock state_lock
Ghost thread 1: vai desbloquear state_lock no fim do while
Ghost thread 1: desbloqueou state_lock, volta ao while
Ghost thread 2: antes de wrlock state_lock
Ghost thread 2: obteve wrlock state_lock
Ghost thread 2: vai desbloquear state_lock no fim do while
Ghost thread 2: desbloqueou state_lock, volta ao while
Ghost thread 0: antes de wrlock state_lock
Ghost thread 0: obteve wrlock state_lock
Ghost thread 0: vai desbloquear state_lock no fim do while
Ghost thread 0: desbloqueou state_lock, volta ao while
Ghost thread 1: antes de wrlock state_lock
Ghost thread 1: obteve wrlock state_lock
Ghost thread 1: vai desbloquear state_lock no fim do while
Ghost thread 1: desbloqueou state_lock, volta ao while
Ghost thread 2: antes de wrlock state_lock
Ghost thread 2: obteve wrlock state_lock
Ghost thread 2: vai desbloquear state_lock no fim do while
Ghost thread 2: desbloqueou state_lock, volta ao while
Ghost thread 0: antes de wrlock state_lock
Ghost thread 0: obteve wrlock state_lock
Ghost thread 0: vai desbloquear state_lock no fim do while
Ghost thread 0: desbloqueou state_lock, volta ao while
Ghost thread 1: antes de wrlock state_lock
Ghost thread 1: obteve wrlock state_lock
Ghost thread 1: vai desbloquear state_lock no fim do while
Ghost thread 1: desbloqueou state_lock, volta ao while
Ghost thread 2: antes de wrlock state_lock
Ghost thread 2: obteve wrlock state_lock
Ghost thread 2: vai desbloquear state_lock no fim do while
Ghost thread 2: desbloqueou state_lock, volta ao while
Ghost thread 0: antes de wrlock state_lock
Ghost thread 0: obteve wrlock state_lock
Ghost thread 0: vai desbloquear state_lock no fim do while
Ghost thread 0: desbloqueou state_lock, volta ao while
Ghost thread 1: antes de wrlock state_lock
Ghost thread 1: obteve wrlock state_lock
Ghost thread 1: vai desbloquear state_lock no fim do while
Ghost thread 1: desbloqueou state_lock, volta ao while
Ghost thread 2: antes de wrlock state_lock
Ghost thread 2: obteve wrlock state_lock
Ghost thread 2: vai desbloquear state_lock no fim do while
Ghost thread 2: desbloqueou state_lock, volta ao while
Comando do pacman: W
result do move pacman --> 0
Ghost thread 0: antes de wrlock state_lock
Ghost thread 0: obteve wrlock state_lock
Ghost thread 0: vai desbloquear state_lock no fim do while
Ghost thread 0: desbloqueou state_lock, volta ao while
Ghost thread 1: antes de wrlock state_lock
Ghost thread 1: obteve wrlock state_lock
Ghost thread 1: vai desbloquear state_lock no fim do while
Ghost thread 1: desbloqueou state_lock, volta ao while
Ghost thread 2: antes de wrlock state_lock
Ghost thread 2: obteve wrlock state_lock
Ghost thread 2: vai desbloquear state_lock no fim do while
Ghost thread 2: desbloqueou state_lock, volta ao while
Ghost thread 0: antes de wrlock state_lock
Ghost thread 0: obteve wrlock state_lock
Ghost thread 0: vai desbloquear state_lock no fim do while
Ghost thread 0: desbloqueou state_lock, volta ao while
Ghost thread 1: antes de wrlock state_lock
Ghost thread 1: obteve wrlock state_lock
Ghost thread 1: vai desbloquear state_lock no fim do while
Ghost thread 1: desbloqueou state_lock, volta ao while
Ghost thread 2: antes de wrlock state_lock
Ghost thread 2: obteve wrlock state_lock
Ghost thread 2: vai desbloquear state_lock no fim do while
Ghost thread 2: desbloqueou state_lock, volta ao while
Comando do pacman: W
result do move pacman --> 0
Ghost thread 0: antes de wrlock state_lock
Ghost thread 0: obteve wrlock state_lock
Ghost thread 0: vai desbloquear state_lock no fim do while
Ghost thread 0: desbloqueou state_lock, volta ao while
Ghost thread 1: antes de wrlock state_lock
Ghost thread 1: obteve wrlock state_lock
Ghost thread 1: vai desbloquear state_lock no fim do while
Ghost thread 1: desbloqueou state_lock, volta ao while
Ghost thread 2: antes de wrlock state_lock
Ghost thread 2: obteve wrlock state_lock
Ghost thread 2: vai desbloquear state_lock no fim do while
Ghost thread 2: desbloqueou state_lock, volta ao while
Ghost thread 0: antes de wrlock state_lock
Ghost thread 0: obteve wrlock state_lock
Ghost thread 0: vai desbloquear state_lock no fim do while
Ghost thread 0: desbloqueou state_lock, volta ao while
Ghost thread 1: antes de wrlock state_lock
Ghost thread 1: obteve wrlock state_lock
Ghost thread 1: vai desbloquear state_lock no fim do while
Ghost thread 1: desbloqueou state_lock, volta ao while
Ghost thread 2: antes de wrlock state_lock
Ghost thread 2: obteve wrlock state_lock
Ghost thread 2: vai desbloquear state_lock no fim do while
Ghost thread 2: desbloqueou state_lock, volta ao while
Comando do pacman: D
result do move pacman --> 1
NEXT_LEVEL
Pacman thread terminada
Ghost thread 0: game_over detetado -> acaba a ghost thread
Ghost thread 1: game_over detetado -> acaba a ghost thread
Ghost thread 2: game_over detetado -> acaba a ghost thread
Último nível completo, game_over setado
O jogo terminou completamente
Cliente 1: vai fazer unload do último nível
Cliente 1: unload do último nível feito
Cliente 1: vai fechar pipes
Cliente 1: vai destruir victory_lock
Cliente 1: vai desativar cliente no array
Cliente 1: vai fazer free da session
session_thread completamente terminada
