escrevi cenas no notif pipe
SERVER width=0 height=0
enviei board para o cliente
DIM = 10 x 8
TEMPO = 200
PAC = /home/ritachung/SO/projeto2_SO/SO-2526-sol-parte1/levels/p1.p
MON file: /home/ritachung/SO/projeto2_SO/SO-2526-sol-parte1/levels/m3.m
MON file: /home/ritachung/SO/projeto2_SO/SO-2526-sol-parte1/levels/m2.m
MON file: /home/ritachung/SO/projeto2_SO/SO-2526-sol-parte1/levels/m1.m
Line: XXXXXXXXXX
Line: XXXXooo@XX
Line: XoooooooXX
Line: XooooooXXX
Line: XooooooooX
Line: XooooooooX
Line: XooooooooX
Line: XXXXXXXXXX
Pacman passo: 1
Pacman Pos = 4 x 1
Ghost passo: 1
Ghost Pos = 4 x 4
Ghost passo: 1
Ghost Pos = 2 x 4
Ghost passo: 1
Ghost Pos = 4 x 1
Creating threads
entrei while serner
escrevi cenas no notif pipe
SERVER width=10 height=8
data: #
data: #
data: #
data: #
data: #
data: #
data: #
data: #
data: #
data: #
data: #
data: #
data: #
data: #
data: C
data: .
data: .
data: @
data: #
data: #
data: #
data: .
data: .
data: .
data: .
data: .
data: .
data: .
data: #
data: #
data: #
data: .
data: .
data: .
data: .
data: .
data: .
data: #
data: #
data: #
data: #
data: .
data: M
data: .
data: M
data: .
data: .
data: .
data: .
data: #
data: #
data: .
data: .
data: .
data: .
data: .
data: .
data: .
data: .
data: #
data: #
data: .
data: .
data: .
data: .
data: .
data: .
data: .
data: .
data: #
data: #
data: #
data: #
data: #
data: #
data: #
data: #
data: #
data: #
data: #
enviei board para o cliente
entrei while serner
escrevi cenas no notif pipe
SERVER width=10 height=8
data: #
data: #
data: #
data: #
data: #
data: #
data: #
data: #
data: #
data: #
data: #
data: #
data: #
data: #
data: C
data: .
data: .
data: @
data: #
data: #
data: #
data: .
data: .
data: .
data: .
data: .
data: .
data: .
data: #
data: #
data: #
data: .
data: .
data: .
data: .
data: .
data: .
data: #
data: #
data: #
data: #
data: .
data: M
data: .
data: M
data: .
data: .
data: .
data: .
data: #
data: #
data: .
data: .
data: .
data: .
data: .
data: .
data: .
data: .
data: #
data: #
data: .
data: .
data: .
data: .
data: .
data: .
data: .
data: .
data: #
data: #
data: #
data: #
data: #
data: #
data: #
data: #
data: #
data: #
data: #
enviei board para o cliente
KEY D
entrei while serner
escrevi cenas no notif pipe
SERVER width=10 height=8
data: #
data: #
data: #
data: #
data: #
data: #
data: #
data: #
data: #
data: #
data: #
data: #
data: #
data: #
data: C
data: .
data: .
data: @
data: #
data: #
data: #
data: .
data: .
data: .
data: .
data: .
data: .
data: .
data: #
data: #
data: #
data: .
data: .
data: .
data: .
data: .
data: .
data: #
data: #
data: #
data: #
data: .
data: M
data: .
data: M
data: .
data: .
data: .
data: .
data: #
data: #
data: .
data: .
data: .
data: .
data: .
data: .
data: .
data: .
data: #
data: #
data: .
data: .
data: .
data: .
data: .
data: .
data: .
data: .
data: #
data: #
data: #
data: #
data: #
data: #
data: #
data: #
data: #
data: #
data: #
enviei board para o cliente
KEY D
entrei while serner
escrevi cenas no notif pipe
SERVER width=10 height=8
data: #
data: #
data: #
data: #
data: #
data: #
data: #
data: #
data: #
data: #
data: #
data: #
data: #
data: #
data: .
data: C
data: .
data: @
data: #
data: #
data: #
data: .
data: .
data: .
data: M
data: .
data: .
data: .
data: #
data: #
data: #
data: .
data: .
data: .
data: .
data: .
data: .
data: #
data: #
data: #
data: #
data: .
data: .
data: M
data: .
data: .
data: .
data: .
data: .
data: #
data: #
data: .
data: M
data: .
data: .
data: .
data: .
data: .
data: .
data: #
data: #
data: .
data: .
data: .
data: .
data: .
data: .
data: .
data: .
data: #
data: #
data: #
data: #
data: #
data: #
data: #
data: #
data: #
data: #
data: #
enviei board para o cliente
entrei while serner
escrevi cenas no notif pipe
SERVER width=10 height=8
data: #
data: #
data: #
data: #
data: #
data: #
data: #
data: #
data: #
data: #
data: #
data: #
data: #
data: #
data: .
data: C
data: .
data: @
data: #
data: #
data: #
data: .
data: .
data: .
data: M
data: .
data: .
data: .
data: #
data: #
data: #
data: .
data: .
data: .
data: .
data: .
data: .
data: #
data: #
data: #
data: #
data: .
data: .
data: M
data: .
data: .
data: .
data: .
data: .
data: #
data: #
data: .
data: M
data: .
data: .
data: .
data: .
data: .
data: .
data: #
data: #
data: .
data: .
data: .
data: .
data: .
data: .
data: .
data: .
data: #
data: #
data: #
data: #
data: #
data: #
data: #
data: #
data: #
data: #
data: #
enviei board para o cliente
KEY D
entrei while serner
escrevi cenas no notif pipe
SERVER width=10 height=8
data: #
data: #
data: #
data: #
data: #
data: #
data: #
data: #
data: #
data: #
data: #
data: #
data: #
data: #
data: .
data: C
data: .
data: @
data: #
data: #
data: #
data: .
data: .
data: .
data: M
data: .
data: .
data: .
data: #
data: #
data: #
data: .
data: .
data: .
data: .
data: .
data: .
data: #
data: #
data: #
data: #
data: .
data: .
data: M
data: .
data: .
data: .
data: .
data: .
data: #
data: #
data: .
data: M
data: .
data: .
data: .
data: .
data: .
data: .
data: #
data: #
data: .
data: .
data: .
data: .
data: .
data: .
data: .
data: .
data: #
data: #
data: #
data: #
data: #
data: #
data: #
data: #
data: #
data: #
data: #
enviei board para o cliente
entrei while serner
escrevi cenas no notif pipe
SERVER width=10 height=8
data: #
data: #
data: #
data: #
data: #
data: #
data: #
data: #
data: #
data: #
data: #
data: #
data: #
data: #
data: .
data: C
data: .
data: @
data: #
data: #
data: #
data: .
data: .
data: .
data: M
data: .
data: .
data: .
data: #
data: #
data: #
data: .
data: .
data: .
data: .
data: .
data: .
data: #
data: #
data: #
data: #
data: .
data: .
data: M
data: .
data: .
data: .
data: .
data: .
data: #
data: #
data: .
data: M
data: .
data: .
data: .
data: .
data: .
data: .
data: #
data: #
data: .
data: .
data: .
data: .
data: .
data: .
data: .
data: .
data: #
data: #
data: #
data: #
data: #
data: #
data: #
data: #
data: #
data: #
data: #
enviei board para o cliente
KEY D
entrei while serner
escrevi cenas no notif pipe
SERVER width=10 height=8
data: #
data: #
data: #
data: #
data: #
data: #
data: #
data: #
data: #
data: #
data: #
data: #
data: #
data: #
data: .
data:  
data: C
data: @
data: #
data: #
data: #
data: .
data: .
data: .
data: .
data: .
data: .
data: .
data: #
data: #
data: #
data: .
data: .
data: .
data: M
data: .
data: .
data: #
data: #
data: #
data: #
data: .
data: .
data: .
data: .
data: .
data: .
data: .
data: .
data: #
data: #
data: .
data: .
data: M
data: .
data: .
data: .
data: .
data: .
data: #
data: #
data: .
data: M
data: .
data: .
data: .
data: .
data: .
data: .
data: #
data: #
data: #
data: #
data: #
data: #
data: #
data: #
data: #
data: #
data: #
enviei board para o cliente
entrei while serner
escrevi cenas no notif pipe
SERVER width=10 height=8
data: #
data: #
data: #
data: #
data: #
data: #
data: #
data: #
data: #
data: #
data: #
data: #
data: #
data: #
data: .
data:  
data: C
data: @
data: #
data: #
data: #
data: .
data: .
data: .
data: .
data: .
data: .
data: .
data: #
data: #
data: #
data: .
data: .
data: .
data: M
data: .
data: .
data: #
data: #
data: #
data: #
data: .
data: .
data: .
data: .
data: .
data: .
data: .
data: .
data: #
data: #
data: .
data: .
data: M
data: .
data: .
data: .
data: .
data: .
data: #
data: #
data: .
data: M
data: .
data: .
data: .
data: .
data: .
data: .
data: #
data: #
data: #
data: #
data: #
data: #
data: #
data: #
data: #
data: #
data: #
enviei board para o cliente
KEY D
entrei while serner
escrevi cenas no notif pipe
SERVER width=10 height=8
data: #
data: #
data: #
data: #
data: #
data: #
data: #
data: #
data: #
data: #
data: #
data: #
data: #
data: #
data: .
data:  
data: C
data: @
data: #
data: #
data: #
data: .
data: .
data: .
data: .
data: .
data: .
data: .
data: #
data: #
data: #
data: .
data: .
data: .
data: M
data: .
data: .
data: #
data: #
data: #
data: #
data: .
data: .
data: .
data: .
data: .
data: .
data: .
data: .
data: #
data: #
data: .
data: .
data: M
data: .
data: .
data: .
data: .
data: .
data: #
data: #
data: .
data: M
data: .
data: .
data: .
data: .
data: .
data: .
data: #
data: #
data: #
data: #
data: #
data: #
data: #
data: #
data: #
data: #
data: #
enviei board para o cliente
entrei while serner
escrevi cenas no notif pipe
SERVER width=10 height=8
data: #
data: #
data: #
data: #
data: #
data: #
data: #
data: #
data: #
data: #
data: #
data: #
data: #
data: #
data: .
data:  
data: C
data: @
data: #
data: #
data: #
data: .
data: .
data: .
data: .
data: .
data: .
data: .
data: #
data: #
data: #
data: .
data: .
data: .
data: M
data: .
data: .
data: #
data: #
data: #
data: #
data: .
data: .
data: .
data: .
data: .
data: .
data: .
data: .
data: #
data: #
data: .
data: .
data: M
data: .
data: .
data: .
data: .
data: .
data: #
data: #
data: .
data: M
data: .
data: .
data: .
data: .
data: .
data: .
data: #
data: #
data: #
data: #
data: #
data: #
data: #
data: #
data: #
data: #
data: #
enviei board para o cliente
KEY D
entrei while serner
escrevi cenas no notif pipe
SERVER width=10 height=8
data: #
data: #
data: #
data: #
data: #
data: #
data: #
data: #
data: #
data: #
data: #
data: #
data: #
data: #
data: .
data:  
data: C
data: @
data: #
data: #
data: #
data: .
data: .
data: .
data: .
data: .
data: .
data: .
data: #
data: #
data: #
data: .
data: .
data: .
data: .
data: .
data: .
data: #
data: #
data: #
data: #
data: .
data: .
data: .
data: M
data: .
data: .
data: .
data: .
data: #
data: #
data: .
data: M
data: .
data: .
data: .
data: .
data: .
data: .
data: #
data: #
data: .
data: M
data: .
data: .
data: .
data: .
data: .
data: .
data: #
data: #
data: #
data: #
data: #
data: #
data: #
data: #
data: #
data: #
data: #
enviei board para o cliente
entrei while serner
escrevi cenas no notif pipe
SERVER width=10 height=8
data: #
data: #
data: #
data: #
data: #
data: #
data: #
data: #
data: #
data: #
data: #
data: #
data: #
data: #
data: .
data:  
data: C
data: @
data: #
data: #
data: #
data: .
data: .
data: .
data: .
data: .
data: .
data: .
data: #
data: #
data: #
data: .
data: .
data: .
data: .
data: .
data: .
data: #
data: #
data: #
data: #
data: .
data: .
data: .
data: M
data: .
data: .
data: .
data: .
data: #
data: #
data: .
data: M
data: .
data: .
data: .
data: .
data: .
data: .
data: #
data: #
data: .
data: M
data: .
data: .
data: .
data: .
data: .
data: .
data: #
data: #
data: #
data: #
data: #
data: #
data: #
data: #
data: #
data: #
data: #
enviei board para o cliente
=== [166015] LEVEL INFO ===
Dimensions: 8 x 10
Tempo: 200
Pacman file: /home/ritachung/SO/projeto2_SO/SO-2526-sol-parte1/levels/p1.p
Monster files (3):
  - /home/ritachung/SO/projeto2_SO/SO-2526-sol-parte1/levels/m3.m
  - /home/ritachung/SO/projeto2_SO/SO-2526-sol-parte1/levels/m2.m
  - /home/ritachung/SO/projeto2_SO/SO-2526-sol-parte1/levels/m1.m

=== BOARD ===
WWWWWWWWWW
WWWW   PWW
W       WW
W      WWW
W   M    W
W M      W
W M      W
WWWWWWWWWW
==================
DIM = 8 x 4
TEMPO = 200
PAC = /home/ritachung/SO/projeto2_SO/SO-2526-sol-parte1/levels/p1.p
MON file: /home/ritachung/SO/projeto2_SO/SO-2526-sol-parte1/levels/m3.m
MON file: /home/ritachung/SO/projeto2_SO/SO-2526-sol-parte1/levels/m2.m
MON file: /home/ritachung/SO/projeto2_SO/SO-2526-sol-parte1/levels/m1.m
Line: XXXXXXXX
Line: XXXXoo@X
Line: XooooooX
Line: XXXXXXXX
Pacman passo: 1
Pacman Pos = 4 x 1
Ghost passo: 1
Ghost Pos = 4 x 4
Ghost passo: 1
Ghost Pos = 2 x 4
Ghost passo: 1
Ghost Pos = 4 x 1
Creating threads
entrei while serner
escrevi cenas no notif pipe
SERVER width=8 height=4
data: #
data: #
data: #
data: #
data: #
data: #
data: #
data: #
data: #
data: #
data: #
data: #
data: C
data: .
data: @
data: #
data: #
data: .
data: .
data: .
data: .
data: .
data: .
data: #
data: #
data: #
data: #
data: #
data: #
data: #
data: #
data: #
enviei board para o cliente
entrei while serner
escrevi cenas no notif pipe
SERVER width=8 height=4
data: #
data: #
data: #
data: #
data: #
data: #
data: #
data: #
data: #
data: #
data: #
data: #
data: C
data: .
data: @
data: #
data: #
data: .
data: .
data: .
data: .
data: .
data: .
data: #
data: #
data: #
data: #
data: #
data: #
data: #
data: #
data: #
enviei board para o cliente
KEY D
entrei while serner
escrevi cenas no notif pipe
SERVER width=8 height=4
data: #
data: #
data: #
data: #
data: #
data: #
data: #
data: #
data: #
data: #
data: #
data: #
data: C
data: .
data: @
data: #
data: #
data: .
data: .
data: .
data: .
data: .
data: .
data: #
data: #
data: #
data: #
data: #
data: #
data: #
data: #
data: #
enviei board para o cliente
entrei while serner
escrevi cenas no notif pipe
SERVER width=8 height=4
data: #
data: #
data: #
data: #
data: #
data: #
data: #
data: #
data: #
data: #
data: #
data: #
data: C
data: .
data: @
data: #
data: #
data: .
data: .
data: .
data: .
data: .
data: .
data: #
data: #
data: #
data: #
data: #
data: #
data: #
data: #
data: #
enviei board para o cliente
KEY D
entrei while serner
escrevi cenas no notif pipe
SERVER width=8 height=4
data: #
data: #
data: #
data: #
data: #
data: #
data: #
data: #
data: #
data: #
data: #
data: #
data: .
data: C
data: @
data: #
data: #
data: .
data: .
data: .
data: M
data: .
data: .
data: #
data: #
data: #
data: #
data: #
data: #
data: #
data: #
data: #
enviei board para o cliente
entrei while serner
escrevi cenas no notif pipe
SERVER width=8 height=4
data: #
data: #
data: #
data: #
data: #
data: #
data: #
data: #
data: #
data: #
data: #
data: #
data: .
data: C
data: @
data: #
data: #
data: .
data: .
data: .
data: M
data: .
data: .
data: #
data: #
data: #
data: #
data: #
data: #
data: #
data: #
data: #
enviei board para o cliente
KEY D
entrei while serner
escrevi cenas no notif pipe
SERVER width=8 height=4
data: #
data: #
data: #
data: #
data: #
data: #
data: #
data: #
data: #
data: #
data: #
data: #
data: .
data: C
data: @
data: #
data: #
data: .
data: .
data: .
data: M
data: .
data: .
data: #
data: #
data: #
data: #
data: #
data: #
data: #
data: #
data: #
enviei board para o cliente
entrei while serner
escrevi cenas no notif pipe
SERVER width=8 height=4
data: #
data: #
data: #
data: #
data: #
data: #
data: #
data: #
data: #
data: #
data: #
data: #
data: .
data: C
data: @
data: #
data: #
data: .
data: .
data: .
data: M
data: .
data: .
data: #
data: #
data: #
data: #
data: #
data: #
data: #
data: #
data: #
enviei board para o cliente
KEY D
entrei while serner
escrevi cenas no notif pipe
SERVER width=8 height=4
data: #
data: #
data: #
data: #
data: #
data: #
data: #
data: #
data: #
data: #
data: #
data: #
data: .
data: C
data: @
data: #
data: #
data: .
data: .
data: .
data: M
data: .
data: .
data: #
data: #
data: #
data: #
data: #
data: #
data: #
data: #
data: #
enviei board para o cliente
entrei while serner
escrevi cenas no notif pipe
SERVER width=8 height=4
data: #
data: #
data: #
data: #
data: #
data: #
data: #
data: #
data: #
data: #
data: #
data: #
data: .
data: C
data: @
data: #
data: #
data: .
data: .
data: .
data: M
data: .
data: .
data: #
data: #
data: #
data: #
data: #
data: #
data: #
data: #
data: #
enviei board para o cliente
=== [166015] LEVEL INFO ===
Dimensions: 4 x 8
Tempo: 200
Pacman file: /home/ritachung/SO/projeto2_SO/SO-2526-sol-parte1/levels/p1.p
Monster files (3):
  - /home/ritachung/SO/projeto2_SO/SO-2526-sol-parte1/levels/m3.m
  - /home/ritachung/SO/projeto2_SO/SO-2526-sol-parte1/levels/m2.m
  - /home/ritachung/SO/projeto2_SO/SO-2526-sol-parte1/levels/m1.m

=== BOARD ===
WWWWWWWW
WWWW  PW
W   M  W
WWWWWWWW
==================
